<?xml version="1.0" encoding="UTF-8"?>
<!-- Generated by org.testng.reporters.JUnitReportReporter -->
<testsuite hostname="LAPTOP-VNLB4L7E" failures="0" tests="1" name="practice.Practice1" time="48.205" errors="0" timestamp="2025-03-28T20:37:53 IST" skipped="0">
  <testcase classname="practice.Practice1" name="dragAndDrop1" time="48.205"/>
  <system-out/>
</testsuite> <!-- practice.Practice1 -->
