<?xml version="1.0" encoding="UTF-8"?>
<!-- Generated by org.testng.reporters.JUnitReportReporter -->
<testsuite hostname="LAPTOP-VNLB4L7E" failures="0" tests="1" name="windowhandlings.multipleWindowHandling1" time="80.478" errors="0" timestamp="2025-03-31T19:00:34 IST" skipped="0">
  <testcase classname="windowhandlings.multipleWindowHandling1" name="windowHandle" time="80.478"/>
  <system-out/>
</testsuite> <!-- windowhandlings.multipleWindowHandling1 -->
