<?xml version="1.0" encoding="UTF-8"?>
<!-- Generated by org.testng.reporters.JUnitReportReporter -->
<testsuite hostname="LAPTOP-VNLB4L7E" failures="0" tests="1" name="shadowdom.ShadowDom1" time="9.704" errors="0" timestamp="2025-03-19T15:37:06 IST" skipped="0">
  <testcase classname="shadowdom.ShadowDom1" name="shadowDomTest" time="9.704"/>
  <system-out/>
</testsuite> <!-- shadowdom.ShadowDom1 -->
