<?xml version="1.0" encoding="UTF-8"?>
<!-- Generated by org.testng.reporters.JUnitReportReporter -->
<testsuite hostname="LAPTOP-VNLB4L7E" failures="0" tests="1" name="practice.Practice4" time="71.717" errors="0" timestamp="2025-03-20T17:34:01 IST" skipped="0">
  <testcase classname="practice.Practice4" name="flipkartTest" time="71.717"/>
  <system-out/>
</testsuite> <!-- practice.Practice4 -->
