<?xml version="1.0" encoding="UTF-8"?>
<!-- Generated by org.testng.reporters.JUnitReportReporter -->
<testsuite hostname="LAPTOP-VNLB4L7E" failures="0" tests="1" name="smoke.ValidateLogin" time="18.831" errors="0" timestamp="2025-03-31T08:38:50 IST" skipped="0">
  <testcase classname="smoke.ValidateLogin" name="validateLoginTest" time="18.831"/>
  <system-out/>
</testsuite> <!-- smoke.ValidateLogin -->
